0 info it worked if it ends with ok
1 verbose cli [ '/usr/local/bin/node', '/usr/local/bin/npm', 'start' ]
2 info using npm@3.3.12
3 info using node@v5.4.1
4 verbose run-script [ 'prestart', 'start', 'poststart' ]
5 info lifecycle one-route@~prestart: one-route@
6 silly lifecycle one-route@~prestart: no script for prestart, continuing
7 info lifecycle one-route@~start: one-route@
8 verbose lifecycle one-route@~start: unsafe-perm in lifecycle true
9 verbose lifecycle one-route@~start: PATH: /usr/local/lib/node_modules/npm/bin/node-gyp-bin:/Users/AndrewB/Desktop/Hack_Reactor/server-practice/oneRoute/node_modules/.bin:/usr/local/bin:/usr/bin:/bin:/usr/sbin:/sbin
10 verbose lifecycle one-route@~start: CWD: /Users/AndrewB/Desktop/Hack_Reactor/server-practice/oneRoute
11 silly lifecycle one-route@~start: Args: [ '-c', 'node server.js' ]
12 silly lifecycle one-route@~start: Returned: code: 1  signal: null
13 info lifecycle one-route@~start: Failed to exec start script
14 verbose stack Error: one-route@ start: `node server.js`
14 verbose stack Exit status 1
14 verbose stack     at EventEmitter.<anonymous> (/usr/local/lib/node_modules/npm/lib/utils/lifecycle.js:232:16)
14 verbose stack     at emitTwo (events.js:87:13)
14 verbose stack     at EventEmitter.emit (events.js:172:7)
14 verbose stack     at ChildProcess.<anonymous> (/usr/local/lib/node_modules/npm/lib/utils/spawn.js:24:14)
14 verbose stack     at emitTwo (events.js:87:13)
14 verbose stack     at ChildProcess.emit (events.js:172:7)
14 verbose stack     at maybeClose (internal/child_process.js:821:16)
14 verbose stack     at Process.ChildProcess._handle.onexit (internal/child_process.js:211:5)
15 verbose pkgid one-route@
16 verbose cwd /Users/AndrewB/Desktop/Hack_Reactor/server-practice/oneRoute
17 error Darwin 14.5.0
18 error argv "/usr/local/bin/node" "/usr/local/bin/npm" "start"
19 error node v5.4.1
20 error npm  v3.3.12
21 error code ELIFECYCLE
22 error one-route@ start: `node server.js`
22 error Exit status 1
23 error Failed at the one-route@ start script 'node server.js'.
23 error Make sure you have the latest version of node.js and npm installed.
23 error If you do, this is most likely a problem with the one-route package,
23 error not with npm itself.
23 error Tell the author that this fails on your system:
23 error     node server.js
23 error You can get their info via:
23 error     npm owner ls one-route
23 error There is likely additional logging output above.
24 verbose exit [ 1, true ]
